Drill report for VibeMotor-Button-Battery.kicad_pcb
Created on Sat Oct  7 16:36:03 2017

Copper Layer Stackup:
    =============================================================
    L1 :  F.Cu                      front
    L2 :  B.Cu                      back


Drill file 'VibeMotor-Button-Battery.drl' contains
    plated through holes:
    =============================================================
    T1  0.50mm  0.020"  (16 holes)
    T2  0.80mm  0.031"  (2 holes)
    T3  1.00mm  0.039"  (5 holes)
    T4  1.20mm  0.047"  (1 hole)
    T5  4.98mm  0.196"  (12 holes)

    Total plated holes count 36


Not plated through holes are merged with plated holes
    unplated through holes:
    =============================================================
    T6  4.98mm  0.196"  (6 holes)

    Total unplated holes count 6
