Drill report for USB-Breakout-with-Reset.kicad_pcb
Created on Thu Dec 29 13:26:47 2016

Copper Layer Stackup:
    =============================================================
    L1 :  F.Cu                      front
    L2 :  B.Cu                      back


Drill file 'USB-Breakout-with-Reset.drl' contains
    plated through holes:
    =============================================================
    T1  0.33mm  0.013"  (2 holes)
    T2  0.90mm  0.035"  (2 holes)
    T3  1.00mm  0.039"  (4 holes)
    T4  1.00mm  0.039"  (8 holes)
    T5  1.20mm  0.047"  (2 holes)
    T6  1.27mm  0.050"  (2 holes)
    T7  4.98mm  0.196"  (5 holes)

    Total plated holes count 25


Not plated through holes are merged with plated holes
    unplated through holes:
    =============================================================

    Total unplated holes count 0
