Drill report for USB-Breakout-with-Reset.kicad_pcb
Created on Mon Nov 21 09:52:30 2016

Copper Layer Stackup:
    =============================================================
    L1 :  F.Cu                      front
    L2 :  B.Cu                      back


Drill file 'USB-Breakout-with-Reset.drl' contains
    plated through holes:
    =============================================================
    T1  0.33mm  0.013"  (2 holes)
    T2  1.00mm  0.039"  (4 holes)
    T3  1.00mm  0.039"  (8 holes)
    T4  1.20mm  0.047"  (2 holes)
    T5  1.27mm  0.050"  (2 holes)
    T6  4.98mm  0.196"  (5 holes)

    Total plated holes count 23


Not plated through holes are merged with plated holes
    unplated through holes:
    =============================================================

    Total unplated holes count 0
